0 info it worked if it ends with ok
1 verbose cli [ 'C:\\Program Files (x86)\\nodejs\\node.exe',
1 verbose cli   'C:\\Program Files (x86)\\nodejs\\node_modules\\npm\\bin\\npm-cli.js',
1 verbose cli   'run',
1 verbose cli   'dev' ]
2 info using npm@3.10.10
3 info using node@v6.10.1
4 verbose run-script [ 'predev', 'dev', 'postdev' ]
5 info lifecycle @figma/my-make-file@0.0.1~predev: @figma/my-make-file@0.0.1
6 silly lifecycle @figma/my-make-file@0.0.1~predev: no script for predev, continuing
7 info lifecycle @figma/my-make-file@0.0.1~dev: @figma/my-make-file@0.0.1
8 verbose lifecycle @figma/my-make-file@0.0.1~dev: unsafe-perm in lifecycle true
9 verbose lifecycle @figma/my-make-file@0.0.1~dev: PATH: C:\Program Files (x86)\nodejs\node_modules\npm\bin\node-gyp-bin;C:\Users\Divax Prajapati\Downloads\Luxury Fashion Ecommerce Wireframe\node_modules\.bin;C:\Program Files (x86)\Common Files\Oracle\Java\java8path;C:\Program Files (x86)\Common Files\Oracle\Java\javapath;C:\WINDOWS\system32;C:\WINDOWS;C:\WINDOWS\System32\Wbem;C:\WINDOWS\System32\WindowsPowerShell\v1.0\;C:\WINDOWS\System32\OpenSSH\;C:\Program Files\Microsoft SQL Server\150\Tools\Binn\;C:\Program Files\Microsoft SQL Server\Client SDK\ODBC\170\Tools\Binn\;C:\Program Files\dotnet\;C:\Program Files\Git\cmd;C:\Program Files (x86)\nodejs\;C:\Users\Divax Prajapati\AppData\Local\Programs\Python\Launcher\;C:\Program Files\MySQL\MySQL Shell 8.0\bin\;C:\Users\Divax Prajapati\AppData\Local\Microsoft\WindowsApps;C:\Users\Divax Prajapati\AppData\Local\Programs\Microsoft VS Code\bin;C:\Users\Divax Prajapati\.dotnet\tools;C:\Users\Divax Prajapati\AppData\Roaming\npm;C:\Users\Divax Prajapati\AppData\Local\Programs\Antigravity IDE\bin
10 verbose lifecycle @figma/my-make-file@0.0.1~dev: CWD: C:\Users\Divax Prajapati\Downloads\Luxury Fashion Ecommerce Wireframe
11 silly lifecycle @figma/my-make-file@0.0.1~dev: Args: [ '/d /s /c', 'vite' ]
12 silly lifecycle @figma/my-make-file@0.0.1~dev: Returned: code: 1  signal: null
13 info lifecycle @figma/my-make-file@0.0.1~dev: Failed to exec dev script
14 verbose stack Error: @figma/my-make-file@0.0.1 dev: `vite`
14 verbose stack Exit status 1
14 verbose stack     at EventEmitter.<anonymous> (C:\Program Files (x86)\nodejs\node_modules\npm\lib\utils\lifecycle.js:255:16)
14 verbose stack     at emitTwo (events.js:106:13)
14 verbose stack     at EventEmitter.emit (events.js:191:7)
14 verbose stack     at ChildProcess.<anonymous> (C:\Program Files (x86)\nodejs\node_modules\npm\lib\utils\spawn.js:40:14)
14 verbose stack     at emitTwo (events.js:106:13)
14 verbose stack     at ChildProcess.emit (events.js:191:7)
14 verbose stack     at maybeClose (internal/child_process.js:886:16)
14 verbose stack     at Process.ChildProcess._handle.onexit (internal/child_process.js:226:5)
15 verbose pkgid @figma/my-make-file@0.0.1
16 verbose cwd C:\Users\Divax Prajapati\Downloads\Luxury Fashion Ecommerce Wireframe
17 error Windows_NT 10.0.26200
18 error argv "C:\\Program Files (x86)\\nodejs\\node.exe" "C:\\Program Files (x86)\\nodejs\\node_modules\\npm\\bin\\npm-cli.js" "run" "dev"
19 error node v6.10.1
20 error npm  v3.10.10
21 error code ELIFECYCLE
22 error @figma/my-make-file@0.0.1 dev: `vite`
22 error Exit status 1
23 error Failed at the @figma/my-make-file@0.0.1 dev script 'vite'.
23 error Make sure you have the latest version of node.js and npm installed.
23 error If you do, this is most likely a problem with the @figma/my-make-file package,
23 error not with npm itself.
23 error Tell the author that this fails on your system:
23 error     vite
23 error You can get information on how to open an issue for this project with:
23 error     npm bugs @figma/my-make-file
23 error Or if that isn't available, you can get their info via:
23 error     npm owner ls @figma/my-make-file
23 error There is likely additional logging output above.
24 verbose exit [ 1, true ]
